0 info it worked if it ends with ok
1 verbose cli [ 'C:\\Program Files (x86)\\nodejs\\\\node.exe',
1 verbose cli   'C:\\Program Files (x86)\\nodejs\\node_modules\\npm\\bin\\npm-cli.js',
1 verbose cli   'install',
1 verbose cli   'git://github.com/vladtitov/GrabOp.git' ]
2 info using npm@2.7.4
3 info using node@v0.12.2
4 verbose node symlink C:\Program Files (x86)\nodejs\\node.exe
5 warn package.json GrabOp@1.0.0 No description
6 warn package.json GrabOp@1.0.0 No README data
7 silly cache add args [ 'git://github.com/vladtitov/GrabOp.git', null ]
8 verbose cache add spec git://github.com/vladtitov/GrabOp.git
9 silly cache add parsed spec { raw: 'git://github.com/vladtitov/GrabOp.git',
9 silly cache add   scope: null,
9 silly cache add   name: null,
9 silly cache add   rawSpec: 'git://github.com/vladtitov/GrabOp.git',
9 silly cache add   spec: 'git+ssh://git@github.com/vladtitov/GrabOp.git',
9 silly cache add   type: 'hosted',
9 silly cache add   hosted:
9 silly cache add    { type: 'github',
9 silly cache add      ssh: 'git@github.com:vladtitov/GrabOp.git',
9 silly cache add      sshUrl: 'git+ssh://git@github.com/vladtitov/GrabOp.git',
9 silly cache add      httpsUrl: 'https://github.com/vladtitov/GrabOp.git',
9 silly cache add      directUrl: 'https://raw.githubusercontent.com/vladtitov/GrabOp/master/package.json' } }
10 info maybeGithub Attempting git://github.com/vladtitov/GrabOp.git from git://github.com/vladtitov/GrabOp.git
11 verbose addRemoteGit git-github-com-vladtitov-GrabOp-git-3dd1e6cc not in flight; caching
12 info git [ 'config', '--get', 'remote.origin.url' ]
13 verbose addRemoteGit remote.origin.url: git://github.com/vladtitov/GrabOp.git
14 verbose addRemoteGit updating existing cached remote C:\Users\Vlad\AppData\Roaming\npm-cache\_git-remotes\git-github-com-vladtitov-GrabOp-git-3dd1e6cc
15 info git [ 'fetch', '-a', 'origin' ]
16 verbose addRemoteGit git fetch -a origin (git://github.com/vladtitov/GrabOp.git)
17 verbose addRemoteGit skipping chownr on Windows
18 verbose addRemoteGit original treeish: master
19 info git [ 'rev-list', '-n1', 'master' ]
20 silly addRemoteGit resolved treeish: abd54d7afd7af1db3314c88ecc21eeac365dbc2a
21 verbose addRemoteGit resolved Git URL: git://github.com/vladtitov/GrabOp.git#abd54d7afd7af1db3314c88ecc21eeac365dbc2a
22 silly addRemoteGit Git working directory: C:\Users\Vlad\AppData\Local\Temp\npm-7600-a934baf2\git-cache-fb59ec7b9c4a\abd54d7afd7af1db3314c88ecc21eeac365dbc2a
23 info git [ 'clone',
23 info git   'C:\\Users\\Vlad\\AppData\\Roaming\\npm-cache\\_git-remotes\\git-github-com-vladtitov-GrabOp-git-3dd1e6cc',
23 info git   'C:\\Users\\Vlad\\AppData\\Local\\Temp\\npm-7600-a934baf2\\git-cache-fb59ec7b9c4a\\abd54d7afd7af1db3314c88ecc21eeac365dbc2a' ]
24 verbose addRemoteGit clone Cloning into 'C:\Users\Vlad\AppData\Local\Temp\npm-7600-a934baf2\git-cache-fb59ec7b9c4a\abd54d7afd7af1db3314c88ecc21eeac365dbc2a'...
24 verbose addRemoteGit done.
25 info git [ 'checkout', 'abd54d7afd7af1db3314c88ecc21eeac365dbc2a' ]
26 verbose addRemoteGit checkout Note: checking out 'abd54d7afd7af1db3314c88ecc21eeac365dbc2a'.
26 verbose addRemoteGit
26 verbose addRemoteGit You are in 'detached HEAD' state. You can look around, make experimental
26 verbose addRemoteGit changes and commit them, and you can discard any commits you make in this
26 verbose addRemoteGit state without impacting any branches by performing another checkout.
26 verbose addRemoteGit
26 verbose addRemoteGit If you want to create a new branch to retain commits you create, you may
26 verbose addRemoteGit do so (now or later) by using -b with the checkout command again. Example:
26 verbose addRemoteGit
26 verbose addRemoteGit   git checkout -b <new-branch-name>
26 verbose addRemoteGit
26 verbose addRemoteGit HEAD is now at abd54d7... idea
27 error addLocal Could not install C:\Users\Vlad\AppData\Local\Temp\npm-7600-a934baf2\git-cache-fb59ec7b9c4a\abd54d7afd7af1db3314c88ecc21eeac365dbc2a
28 info maybeGithub Couldn't clone git://github.com/vladtitov/GrabOp.git
29 info maybeGithub Now attempting git://github.com/vladtitov/GrabOp.git from git@github.com:vladtitov/GrabOp.git
30 verbose addRemoteGit git-github-com-vladtitov-GrabOp-git-985bcf34 not in flight; caching
31 info git [ 'config', '--get', 'remote.origin.url' ]
32 error git -c core.longpaths=true config --get remote.origin.url
33 verbose addRemoteGit remote.origin.url:
34 warn addRemoteGit Error: Command failed: git -c core.longpaths=true config --get remote.origin.url
34 warn addRemoteGit
34 warn addRemoteGit     at ChildProcess.exithandler (child_process.js:751:12)
34 warn addRemoteGit     at ChildProcess.emit (events.js:110:17)
34 warn addRemoteGit     at maybeClose (child_process.js:1015:16)
34 warn addRemoteGit     at Process.ChildProcess._handle.onexit (child_process.js:1087:5)
34 warn addRemoteGit  resetting remote C:\Users\Vlad\AppData\Roaming\npm-cache\_git-remotes\git-github-com-vladtitov-GrabOp-git-985bcf34 because of error: { [Error: Command failed: git -c core.longpaths=true config --get remote.origin.url
34 warn addRemoteGit ]
34 warn addRemoteGit   killed: false,
34 warn addRemoteGit   code: 1,
34 warn addRemoteGit   signal: null,
34 warn addRemoteGit   cmd: 'git -c core.longpaths=true config --get remote.origin.url' }
35 info addRemoteGit resetting C:\Users\Vlad\AppData\Roaming\npm-cache\_git-remotes\git-github-com-vladtitov-GrabOp-git-985bcf34
36 silly gentlyRm C:\Users\Vlad\AppData\Roaming\npm-cache\_git-remotes\git-github-com-vladtitov-GrabOp-git-985bcf34 is being purged
37 verbose gentlyRm don't care about contents; nuking C:\Users\Vlad\AppData\Roaming\npm-cache\_git-remotes\git-github-com-vladtitov-GrabOp-git-985bcf34
38 silly vacuum-fs purging C:\Users\Vlad\AppData\Roaming\npm-cache\_git-remotes\git-github-com-vladtitov-GrabOp-git-985bcf34
39 silly vacuum-fs quitting because other entries in C:\Users\Vlad\AppData\Roaming\npm-cache\_git-remotes
40 info git [ 'clone',
40 info git   '--template=C:\\Users\\Vlad\\AppData\\Roaming\\npm-cache\\_git-remotes\\_templates',
40 info git   '--mirror',
40 info git   'git@github.com:vladtitov/GrabOp.git',
40 info git   'C:\\Users\\Vlad\\AppData\\Roaming\\npm-cache\\_git-remotes\\git-github-com-vladtitov-GrabOp-git-985bcf34' ]
41 error git -c core.longpaths=true clone --template=C:\Users\Vlad\AppData\Roaming\npm-cache\_git-remotes\_templates --mirror git@github.com:vladtitov/GrabOp.git C:\Users\Vlad\AppData\Roaming\npm-cache\_git-remotes\git-github-com-vladtitov-GrabOp-git-985bcf34
42 error git clone --template=C:\Users\Vlad\AppData\Roaming\npm-cache\_git-remotes\_templates --mirror git@github.com:vladtitov/GrabOp.git C:\Users\Vlad\AppData\Roaming\npm-cache\_git-remotes\git-github-com-vladtitov-GrabOp-git-985bcf34: Cloning into bare repository 'C:\Users\Vlad\AppData\Roaming\npm-cache\_git-remotes\git-github-com-vladtitov-GrabOp-git-985bcf34'...
42 error git clone --template=C:\Users\Vlad\AppData\Roaming\npm-cache\_git-remotes\_templates --mirror git@github.com:vladtitov/GrabOp.git C:\Users\Vlad\AppData\Roaming\npm-cache\_git-remotes\git-github-com-vladtitov-GrabOp-git-985bcf34: Host key verification failed.
42 error git clone --template=C:\Users\Vlad\AppData\Roaming\npm-cache\_git-remotes\_templates --mirror git@github.com:vladtitov/GrabOp.git C:\Users\Vlad\AppData\Roaming\npm-cache\_git-remotes\git-github-com-vladtitov-GrabOp-git-985bcf34: fatal: Could not read from remote repository.
42 error git clone --template=C:\Users\Vlad\AppData\Roaming\npm-cache\_git-remotes\_templates --mirror git@github.com:vladtitov/GrabOp.git C:\Users\Vlad\AppData\Roaming\npm-cache\_git-remotes\git-github-com-vladtitov-GrabOp-git-985bcf34:
42 error git clone --template=C:\Users\Vlad\AppData\Roaming\npm-cache\_git-remotes\_templates --mirror git@github.com:vladtitov/GrabOp.git C:\Users\Vlad\AppData\Roaming\npm-cache\_git-remotes\git-github-com-vladtitov-GrabOp-git-985bcf34: Please make sure you have the correct access rights
42 error git clone --template=C:\Users\Vlad\AppData\Roaming\npm-cache\_git-remotes\_templates --mirror git@github.com:vladtitov/GrabOp.git C:\Users\Vlad\AppData\Roaming\npm-cache\_git-remotes\git-github-com-vladtitov-GrabOp-git-985bcf34: and the repository exists.
43 verbose stack Error: Command failed: git -c core.longpaths=true clone --template=C:\Users\Vlad\AppData\Roaming\npm-cache\_git-remotes\_templates --mirror git@github.com:vladtitov/GrabOp.git C:\Users\Vlad\AppData\Roaming\npm-cache\_git-remotes\git-github-com-vladtitov-GrabOp-git-985bcf34
43 verbose stack Cloning into bare repository 'C:\Users\Vlad\AppData\Roaming\npm-cache\_git-remotes\git-github-com-vladtitov-GrabOp-git-985bcf34'...
43 verbose stack Host key verification failed.
43 verbose stack fatal: Could not read from remote repository.
43 verbose stack
43 verbose stack Please make sure you have the correct access rights
43 verbose stack and the repository exists.
43 verbose stack
43 verbose stack     at ChildProcess.exithandler (child_process.js:751:12)
43 verbose stack     at ChildProcess.emit (events.js:110:17)
43 verbose stack     at maybeClose (child_process.js:1015:16)
43 verbose stack     at Process.ChildProcess._handle.onexit (child_process.js:1087:5)
44 verbose cwd C:\wamp\www\GitHub\GrabOp
45 error Windows_NT 6.3.9600
46 error argv "C:\\Program Files (x86)\\nodejs\\\\node.exe" "C:\\Program Files (x86)\\nodejs\\node_modules\\npm\\bin\\npm-cli.js" "install" "git://github.com/vladtitov/GrabOp.git"
47 error node v0.12.2
48 error npm  v2.7.4
49 error code 128
50 error Command failed: git -c core.longpaths=true clone --template=C:\Users\Vlad\AppData\Roaming\npm-cache\_git-remotes\_templates --mirror git@github.com:vladtitov/GrabOp.git C:\Users\Vlad\AppData\Roaming\npm-cache\_git-remotes\git-github-com-vladtitov-GrabOp-git-985bcf34
50 error Cloning into bare repository 'C:\Users\Vlad\AppData\Roaming\npm-cache\_git-remotes\git-github-com-vladtitov-GrabOp-git-985bcf34'...
50 error Host key verification failed.
50 error fatal: Could not read from remote repository.
50 error
50 error Please make sure you have the correct access rights
50 error and the repository exists.
51 error If you need help, you may report this error at:
51 error     <https://github.com/npm/npm/issues>
52 verbose exit [ 1, true ]
